<?xml version="1.0" encoding="UTF-8"?>
<testsuite xmlns:xsi="http://www.w3.org/2001/XMLSchema-instance" xsi:noNamespaceSchemaLocation="https://maven.apache.org/surefire/maven-surefire-plugin/xsd/surefire-test-report-3.0.xsd" version="3.0" name="BookingSystemTest" time="0.053" tests="7" errors="0" skipped="0" failures="0">
  <properties>
[...]
</properties>
  <testcase name="testGenerateReportOrder" classname="BookingSystemTest" time="0.029">
    <system-out><![CDATA[=== BPC Treatment Report ===

Physiotherapist: Dr. Jane Doe
  Treatment: Rehab                     | Patient: null                 | Time: Wed Apr 02 2025 22:58 - 23:58 | Status: ATTENDED
  Treatment: Rehab                     | Patient: null                 | Time: Wed Apr 09 2025 22:58 - 23:58 | Status: ATTENDED

Physiotherapist: Dr. Jane Doe
  Treatment: Therapeutic Massage       | Patient: John Doe             | Time: Thu May 01 2025 10:00 - 11:00 | Status: ATTENDED
]]></system-out>
  </testcase>
  <testcase name="testAttendAppointment" classname="BookingSystemTest" time="0.001"/>
  <testcase name="testFindPhysioByArea" classname="BookingSystemTest" time="0.001"/>
  <testcase name="testGetTreatmentsByPhysio" classname="BookingSystemTest" time="0.0"/>
  <testcase name="testAddRemovePatient" classname="BookingSystemTest" time="0.001"/>
  <testcase name="testBookAppointment" classname="BookingSystemTest" time="0.001"/>
  <testcase name="testCancelAppointment" classname="BookingSystemTest" time="0.001"/>
</testsuite>