<?xml version="1.0" encoding="UTF-8"?>
<testsuite xmlns:xsi="http://www.w3.org/2001/XMLSchema-instance" xsi:noNamespaceSchemaLocation="https://maven.apache.org/surefire/maven-surefire-plugin/xsd/surefire-test-report-3.0.xsd" version="3.0" name="BoostPhysioClinicalTest" time="0.049" tests="5" errors="0" skipped="0" failures="0">
  <properties>
[...]
</properties>
  <testcase name="testCheckInAppointment" classname="BoostPhysioClinicalTest" time="0.032"/>
  <testcase name="testBookAppointment" classname="BoostPhysioClinicalTest" time="0.001"/>
  <testcase name="testFindTreatmentsByExpertise" classname="BoostPhysioClinicalTest" time="0.001"/>
  <testcase name="testFindTreatmentsByPhysiotherapistName" classname="BoostPhysioClinicalTest" time="0.001"/>
  <testcase name="testCancelAppointment" classname="BoostPhysioClinicalTest" time="0.001"/>
</testsuite>